<?xml version="1.0" encoding="UTF-8"?>
<testsuite xmlns:xsi="http://www.w3.org/2001/XMLSchema-instance" xsi:noNamespaceSchemaLocation="https://maven.apache.org/surefire/maven-surefire-plugin/xsd/surefire-test-report.xsd" name="com.schachapp.chess.ChessGameAdditionalTest" time="0.001" tests="4" errors="0" skipped="0" failures="0">
  <properties>
[...]
</properties>
  <testcase name="activePlayerCheckDetectionUsesHelper" classname="com.schachapp.chess.ChessGameAdditionalTest" time="0.001"/>
  <testcase name="illegalMoveDoesNotChangeStatusOrTurn" classname="com.schachapp.chess.ChessGameAdditionalTest" time="0"/>
  <testcase name="pawnDoubleStepIsRestrictedAndUsesIntermediateCheck" classname="com.schachapp.chess.ChessGameAdditionalTest" time="0"/>
  <testcase name="capturedPiecesAreTracked" classname="com.schachapp.chess.ChessGameAdditionalTest" time="0"/>
</testsuite>